<?xml version="1.0" encoding="UTF-8"?>
<!-- Generated by org.testng.reporters.JUnitReportReporter -->
<testsuite hostname="DESKTOP-EF2R01A" name="baidu.NewTest" tests="1" failures="0" timestamp="18 Mar 2019 07:37:06 GMT" time="8.231" errors="0">
  <testcase name="f" time="8.231" classname="baidu.NewTest"/>
</testsuite> <!-- baidu.NewTest -->
